# JRE version: Java(TM) SE Runtime Environment (16.0.1+9) (build 16.0.1+9-24)
# Java VM: Java HotSpot(TM) 64-Bit Server VM (16.0.1+9-24, mixed mode, sharing, tiered, compressed oops, compressed class ptrs, g1 gc, windows-amd64)
GC Precious Log:
 CPUs: 8 total, 8 available
 Memory: 16047M
 Large Page Support: Disabled
 NUMA Support: Disabled
 Compressed Oops: Enabled (Zero based)
 Heap Region Size: 2M
 Heap Min Capacity: 8M
 Heap Initial Capacity: 252M
 Heap Max Capacity: 4012M
 Pre-touch: Disabled
 Parallel Workers: 8
 Concurrent Workers: 2
 Concurrent Refinement Workers: 8
 Periodic GC: Disabled
Heap:
 garbage-first heap   total 61440K, used 19293K [0x0000000705400000, 0x0000000800000000)
  region size 2048K, 6 young (12288K), 2 survivors (4096K)
 Metaspace       used 21871K, committed 22080K, reserved 1073152K
  class space    used 2471K, committed 2560K, reserved 1048576K
GC Heap History (6 events):
Event: 0.412 GC heap before
{Heap before GC invocations=0 (full 0):
 garbage-first heap   total 258048K, used 20480K [0x0000000705400000, 0x0000000800000000)
  region size 2048K, 11 young (22528K), 0 survivors (0K)
 Metaspace       used 4111K, committed 4352K, reserved 1056768K
  class space    used 395K, committed 512K, reserved 1048576K
}
Event: 0.415 GC heap after
{Heap after GC invocations=1 (full 0):
 garbage-first heap   total 258048K, used 7205K [0x0000000705400000, 0x0000000800000000)
  region size 2048K, 2 young (4096K), 2 survivors (4096K)
 Metaspace       used 4111K, committed 4352K, reserved 1056768K
  class space    used 395K, committed 512K, reserved 1048576K
}
Event: 0.774 GC heap before
{Heap before GC invocations=1 (full 0):
 garbage-first heap   total 258048K, used 29733K [0x0000000705400000, 0x0000000800000000)
  region size 2048K, 13 young (26624K), 2 survivors (4096K)
 Metaspace       used 10716K, committed 10880K, reserved 1064960K
  class space    used 1159K, committed 1216K, reserved 1048576K
}
Event: 0.777 GC heap after
{Heap after GC invocations=2 (full 0):
 garbage-first heap   total 258048K, used 10811K [0x0000000705400000, 0x0000000800000000)
  region size 2048K, 2 young (4096K), 2 survivors (4096K)
 Metaspace       used 10716K, committed 10880K, reserved 1064960K
  class space    used 1159K, committed 1216K, reserved 1048576K
}
Event: 4.202 GC heap before
{Heap before GC invocations=2 (full 0):
 garbage-first heap   total 258048K, used 39483K [0x0000000705400000, 0x0000000800000000)
  region size 2048K, 17 young (34816K), 2 survivors (4096K)
 Metaspace       used 21080K, committed 21248K, reserved 1073152K
  class space    used 2378K, committed 2496K, reserved 1048576K
}
Event: 4.205 GC heap after
{Heap after GC invocations=3 (full 0):
 garbage-first heap   total 258048K, used 13149K [0x0000000705400000, 0x0000000800000000)
  region size 2048K, 2 young (4096K), 2 survivors (4096K)
 Metaspace       used 21080K, committed 21248K, reserved 1073152K
  class space    used 2378K, committed 2496K, reserved 1048576K
}

